This is LuaTeX, Version 1.09.0 (MiKTeX 2.9.6930 64-bit)  (format=lualatex 2019.2.25)  20 MAR 2019 17:40
 system commands enabled.
**jl331Atmp/tikzpicture.tex
(./jl331Atmp/tikzpicture.tex
LaTeX2e <2018-12-01>
Lua module: luaotfload-main 2018-10-28 2.93 luaotfload entry point
Lua module: luaotfload-init 2018-10-28 2.93 luaotfload submodule / initializatio
n
Lua module: lualibs 2018-10-18 2.61 ConTeXt Lua standard libraries.
Lua module: lualibs-extended 2018-10-18 2.61 ConTeXt Lua libraries -- extended c
ollection.
Lua module: luaotfload-log 2018-10-28 2.93 luaotfload submodule / logging
Lua module: luaotfload-parsers 2018-10-28 2.93 luaotfload submodule / filelist
Lua module: luaotfload-configuration 2018-10-28 2.93 luaotfload submodule / conf
ig file reader
luaotfload | conf : Root cache directory is C:/Users/GenTsuki/AppData/Local/MiKT
eX/2.9/luatex-cache/generic/names.
luaotfload | init : Loading fontloader “fontloader-2018-10-28.lua” from kpse
-resolved path “C:/Users/GenTsuki/AppData/Local/Programs/MiKTeX 2.9/tex/luatex
/luaotfload/fontloader-2018-10-28.lua”.
Lua-only attribute luaotfload@state = 1
Lua-only attribute luaotfload@noligature = 2
Lua-only attribute luaotfload@syllabe = 3
luaotfload | init : Context OpenType loader version “3.106”
Inserting `luaotfload.node_processor' at position 1 in `pre_linebreak_filter'.
Inserting `luaotfload.node_processor' at position 1 in `hpack_filter'.
Lua module: luaotfload-loaders 2018-10-28 2.93 luaotfload submodule / callback h
andling
Inserting `luaotfload.define_font' at position 1 in `define_font'.
Lua module: luaotfload-database 2018-10-28 2.93 luaotfload submodule / database
Lua module: luaotfload-colors 2018-10-28 2.93 luaotfload submodule / color
Lua-only attribute luaotfload_color_attribute = 4
Lua module: luaotfload-resolvers 2018-10-28 2.93 luaotfload submodule / resolver
s
luaotfload | conf : Root cache directory is C:/Users/GenTsuki/AppData/Local/MiKT
eX/2.9/luatex-cache/generic/names.
Lua module: luaotfload-features 2018-10-28 2.93 luaotfload submodule / features
Lua module: luaotfload-letterspace 2018-10-28 2.93 luaotfload submodule / color
Lua module: luaotfload-auxiliary 2018-10-28 2.93 luaotfload submodule / auxiliar
y functions
Inserting `luaotfload.aux.set_sscale_dimens' at position 1 in `luaotfload.patch_
font'.
Inserting `luaotfload.aux.patch_cambria_domh' at position 2 in `luaotfload.patch
_font'.
Inserting `luaotfload.aux.fixup_fontdata' at position 1 in `luaotfload.patch_fon
t_unsafe'.
Inserting `luaotfload.aux.set_capheight' at position 3 in `luaotfload.patch_font
'.
Inserting `luaotfload.rewrite_fontname' at position 4 in `luaotfload.patch_font'
.
luaotfload | main : initialization completed in 1.105 seconds

("C:/Users/GenTsuki/AppData/Local/Programs/MiKTeX 2.9/tex/latex/standalone/stan
dalone.cls"
Document Class: standalone 2018/03/26 v1.3a Class to compile TeX sub-files stand
alone

("C:/Users/GenTsuki/AppData/Local/Programs/MiKTeX 2.9/tex/latex/tools/shellesc.
sty"
Package: shellesc 2016/06/07 v0.02a unified shell escape interface for LaTeX
Package shellesc Info: Unrestricted shell escape enabled on input line 67.
)
("C:/Users/GenTsuki/AppData/Local/Programs/MiKTeX 2.9/tex/generic/oberdiek/iflu
atex.sty"
Package: ifluatex 2016/05/16 v1.4 Provides the ifluatex switch (HO)
Package ifluatex Info: LuaTeX detected.
)
("C:/Users/GenTsuki/AppData/Local/Programs/MiKTeX 2.9/tex/generic/oberdiek/ifpd
f.sty"
Package: ifpdf 2018/09/07 v3.3 Provides the ifpdf switch
)
("C:/Users/GenTsuki/AppData/Local/Programs/MiKTeX 2.9/tex/generic/ifxetex/ifxet
ex.sty"
Package: ifxetex 2010/09/12 v0.6 Provides ifxetex conditional
)
("C:/Users/GenTsuki/AppData/Local/Programs/MiKTeX 2.9/tex/latex/xkeyval/xkeyval
.sty"
Package: xkeyval 2014/12/03 v2.7a package option processing (HA)

("C:/Users/GenTsuki/AppData/Local/Programs/MiKTeX 2.9/tex/generic/xkeyval/xkeyv
al.tex"
("C:/Users/GenTsuki/AppData/Local/Programs/MiKTeX 2.9/tex/generic/xkeyval/xkvut
ils.tex"
\XKV@toks=\toks14
\XKV@tempa@toks=\toks15

("C:/Users/GenTsuki/AppData/Local/Programs/MiKTeX 2.9/tex/generic/xkeyval/keyva
l.tex"))
\XKV@depth=\count80
File: xkeyval.tex 2014/12/03 v2.7a key=value parser (HA)
))
\sa@internal=\count81
\c@sapage=\count82

("C:/Users/GenTsuki/AppData/Local/Programs/MiKTeX 2.9/tex/latex/standalone/stan
dalone.cfg"
File: standalone.cfg 2018/03/26 v1.3a Default configuration file for 'standalone
' class
)
("C:/Users/GenTsuki/AppData/Local/Programs/MiKTeX 2.9/tex/latex/base/article.cl
s"
Document Class: article 2018/09/03 v1.4i Standard LaTeX document class
("C:/Users/GenTsuki/AppData/Local/Programs/MiKTeX 2.9/tex/latex/base/size10.clo
"
File: size10.clo 2018/09/03 v1.4i Standard LaTeX file (size option)
luaotfload | db : Font names database loaded from C:/Users/GenTsuki/AppData/Loca
l/MiKTeX/2.9/luatex-cache/generic/names/luaotfload-names.luc)
\c@part=\count83
\c@section=\count84
\c@subsection=\count85
\c@subsubsection=\count86
\c@paragraph=\count87
\c@subparagraph=\count88
\c@figure=\count89
\c@table=\count90
\abovecaptionskip=\skip41
\belowcaptionskip=\skip42
\bibindent=\dimen102
)
("C:/Users/GenTsuki/AppData/Local/Programs/MiKTeX 2.9/tex/generic/luatex85/luat
ex85.sty"
Package: luatex85 2016/06/15 v1.4 pdftex aliases for luatex
)
("C:/Users/GenTsuki/AppData/Local/Programs/MiKTeX 2.9/tex/generic/oberdiek/pdft
excmds.sty"
Package: pdftexcmds 2018/09/10 v0.29 Utility functions of pdfTeX for LuaTeX (HO)


("C:/Users/GenTsuki/AppData/Local/Programs/MiKTeX 2.9/tex/generic/oberdiek/infw
arerr.sty"
Package: infwarerr 2016/05/16 v1.4 Providing info/warning/error messages (HO)
)
("C:/Users/GenTsuki/AppData/Local/Programs/MiKTeX 2.9/tex/generic/oberdiek/ltxc
mds.sty"
Package: ltxcmds 2016/05/16 v1.23 LaTeX kernel commands for general use (HO)
)
Package pdftexcmds Info: \pdf@primitive is available.
Package pdftexcmds Info: \pdf@ifprimitive is available.
Package pdftexcmds Info: \pdfdraftmode found.
\pdftexcmds@toks=\toks16
)
("C:/Users/GenTsuki/AppData/Local/Programs/MiKTeX 2.9/tex/latex/pgf/frontendlay
er/tikz.sty"
("C:/Users/GenTsuki/AppData/Local/Programs/MiKTeX 2.9/tex/latex/pgf/basiclayer/
pgf.sty"
("C:/Users/GenTsuki/AppData/Local/Programs/MiKTeX 2.9/tex/latex/pgf/utilities/p
gfrcs.sty"
("C:/Users/GenTsuki/AppData/Local/Programs/MiKTeX 2.9/tex/generic/pgf/utilities
/pgfutil-common.tex"
\pgfutil@everybye=\toks17
\pgfutil@tempdima=\dimen103
\pgfutil@tempdimb=\dimen104

("C:/Users/GenTsuki/AppData/Local/Programs/MiKTeX 2.9/tex/generic/pgf/utilities
/pgfutil-common-lists.tex"))
("C:/Users/GenTsuki/AppData/Local/Programs/MiKTeX 2.9/tex/generic/pgf/utilities
/pgfutil-latex.def"
\pgfutil@abb=\box27

("C:/Users/GenTsuki/AppData/Local/Programs/MiKTeX 2.9/tex/latex/ms/everyshi.sty
"
Package: everyshi 2001/05/15 v3.00 EveryShipout Package (MS)
))
("C:/Users/GenTsuki/AppData/Local/Programs/MiKTeX 2.9/tex/generic/pgf/utilities
/pgfrcs.code.tex"
("C:/Users/GenTsuki/AppData/Local/Programs/MiKTeX 2.9/tex/generic/pgf/pgf.revis
ion.tex")
Package: pgfrcs 2019/02/02 v3.1.1 (3.1.1)
))
Package: pgf 2019/02/02 v3.1.1 (3.1.1)

("C:/Users/GenTsuki/AppData/Local/Programs/MiKTeX 2.9/tex/latex/pgf/basiclayer/
pgfcore.sty"
("C:/Users/GenTsuki/AppData/Local/Programs/MiKTeX 2.9/tex/latex/graphics/graphi
cx.sty"
Package: graphicx 2017/06/01 v1.1a Enhanced LaTeX Graphics (DPC,SPQR)

("C:/Users/GenTsuki/AppData/Local/Programs/MiKTeX 2.9/tex/latex/graphics/graphi
cs.sty"
Package: graphics 2017/06/25 v1.2c Standard LaTeX Graphics (DPC,SPQR)

("C:/Users/GenTsuki/AppData/Local/Programs/MiKTeX 2.9/tex/latex/graphics/trig.s
ty"
Package: trig 2016/01/03 v1.10 sin cos tan (DPC)
)
("C:/Users/GenTsuki/AppData/Local/Programs/MiKTeX 2.9/tex/latex/graphics-cfg/gr
aphics.cfg"
File: graphics.cfg 2016/06/04 v1.11 sample graphics configuration
)
Package graphics Info: Driver file: luatex.def on input line 99.

("C:/Users/GenTsuki/AppData/Local/Programs/MiKTeX 2.9/tex/latex/graphics-def/lu
atex.def"
File: luatex.def 2018/01/08 v1.0l Graphics/color driver for luatex
))
\Gin@req@height=\dimen105
\Gin@req@width=\dimen106
)
("C:/Users/GenTsuki/AppData/Local/Programs/MiKTeX 2.9/tex/latex/pgf/systemlayer
/pgfsys.sty"
("C:/Users/GenTsuki/AppData/Local/Programs/MiKTeX 2.9/tex/generic/pgf/systemlay
er/pgfsys.code.tex"
Package: pgfsys 2019/02/02 v3.1.1 (3.1.1)

("C:/Users/GenTsuki/AppData/Local/Programs/MiKTeX 2.9/tex/generic/pgf/utilities
/pgfkeys.code.tex"
\pgfkeys@pathtoks=\toks18
\pgfkeys@temptoks=\toks19

("C:/Users/GenTsuki/AppData/Local/Programs/MiKTeX 2.9/tex/generic/pgf/utilities
/pgfkeysfiltered.code.tex"
\pgfkeys@tmptoks=\toks20
))
\pgf@x=\dimen107
\pgf@y=\dimen108
\pgf@xa=\dimen109
\pgf@ya=\dimen110
\pgf@xb=\dimen111
\pgf@yb=\dimen112
\pgf@xc=\dimen113
\pgf@yc=\dimen114
\w@pgf@writea=\write3
\r@pgf@reada=\read1
\c@pgf@counta=\count91
\c@pgf@countb=\count92
\c@pgf@countc=\count93
\c@pgf@countd=\count94
\t@pgf@toka=\toks21
\t@pgf@tokb=\toks22
\t@pgf@tokc=\toks23
\pgf@sys@id@count=\count95

("C:/Users/GenTsuki/AppData/Local/Programs/MiKTeX 2.9/tex/generic/pgf/systemlay
er/pgf.cfg"
File: pgf.cfg 2019/02/02 v3.1.1 (3.1.1)
)
Driver file for pgf: pgfsys-luatex.def

("C:/Users/GenTsuki/AppData/Local/Programs/MiKTeX 2.9/tex/generic/pgf/systemlay
er/pgfsys-luatex.def"
File: pgfsys-luatex.def 2019/02/02 v3.1.1 (3.1.1)

("C:/Users/GenTsuki/AppData/Local/Programs/MiKTeX 2.9/tex/generic/pgf/systemlay
er/pgfsys-common-pdf.def"
File: pgfsys-common-pdf.def 2019/02/02 v3.1.1 (3.1.1)
)))
("C:/Users/GenTsuki/AppData/Local/Programs/MiKTeX 2.9/tex/generic/pgf/systemlay
er/pgfsyssoftpath.code.tex"
File: pgfsyssoftpath.code.tex 2019/02/02 v3.1.1 (3.1.1)
\pgfsyssoftpath@smallbuffer@items=\count96
\pgfsyssoftpath@bigbuffer@items=\count97
)
("C:/Users/GenTsuki/AppData/Local/Programs/MiKTeX 2.9/tex/generic/pgf/systemlay
er/pgfsysprotocol.code.tex"
File: pgfsysprotocol.code.tex 2019/02/02 v3.1.1 (3.1.1)
))
("C:/Users/GenTsuki/AppData/Local/Programs/MiKTeX 2.9/tex/latex/xcolor/xcolor.s
ty"
Package: xcolor 2016/05/11 v2.12 LaTeX color extensions (UK)

("C:/Users/GenTsuki/AppData/Local/Programs/MiKTeX 2.9/tex/latex/graphics-cfg/co
lor.cfg"
File: color.cfg 2016/01/02 v1.6 sample color configuration
)
Package xcolor Info: Driver file: luatex.def on input line 225.
Package xcolor Info: Model `cmy' substituted by `cmy0' on input line 1348.
Package xcolor Info: Model `hsb' substituted by `rgb' on input line 1352.
Package xcolor Info: Model `RGB' extended on input line 1364.
Package xcolor Info: Model `HTML' substituted by `rgb' on input line 1366.
Package xcolor Info: Model `Hsb' substituted by `hsb' on input line 1367.
Package xcolor Info: Model `tHsb' substituted by `hsb' on input line 1368.
Package xcolor Info: Model `HSB' substituted by `hsb' on input line 1369.
Package xcolor Info: Model `Gray' substituted by `gray' on input line 1370.
Package xcolor Info: Model `wave' substituted by `hsb' on input line 1371.
)
("C:/Users/GenTsuki/AppData/Local/Programs/MiKTeX 2.9/tex/generic/pgf/basiclaye
r/pgfcore.code.tex"
Package: pgfcore 2019/02/02 v3.1.1 (3.1.1)

("C:/Users/GenTsuki/AppData/Local/Programs/MiKTeX 2.9/tex/generic/pgf/math/pgfm
ath.code.tex"
("C:/Users/GenTsuki/AppData/Local/Programs/MiKTeX 2.9/tex/generic/pgf/math/pgfm
athcalc.code.tex"
("C:/Users/GenTsuki/AppData/Local/Programs/MiKTeX 2.9/tex/generic/pgf/math/pgfm
athutil.code.tex")
("C:/Users/GenTsuki/AppData/Local/Programs/MiKTeX 2.9/tex/generic/pgf/math/pgfm
athparser.code.tex"
\pgfmath@dimen=\dimen115
\pgfmath@count=\count98
\pgfmath@box=\box28
\pgfmath@toks=\toks24
\pgfmath@stack@operand=\toks25
\pgfmath@stack@operation=\toks26
)
("C:/Users/GenTsuki/AppData/Local/Programs/MiKTeX 2.9/tex/generic/pgf/math/pgfm
athfunctions.code.tex"
("C:/Users/GenTsuki/AppData/Local/Programs/MiKTeX 2.9/tex/generic/pgf/math/pgfm
athfunctions.basic.code.tex")
("C:/Users/GenTsuki/AppData/Local/Programs/MiKTeX 2.9/tex/generic/pgf/math/pgfm
athfunctions.trigonometric.code.tex")
("C:/Users/GenTsuki/AppData/Local/Programs/MiKTeX 2.9/tex/generic/pgf/math/pgfm
athfunctions.random.code.tex")
("C:/Users/GenTsuki/AppData/Local/Programs/MiKTeX 2.9/tex/generic/pgf/math/pgfm
athfunctions.comparison.code.tex")
("C:/Users/GenTsuki/AppData/Local/Programs/MiKTeX 2.9/tex/generic/pgf/math/pgfm
athfunctions.base.code.tex")
("C:/Users/GenTsuki/AppData/Local/Programs/MiKTeX 2.9/tex/generic/pgf/math/pgfm
athfunctions.round.code.tex")
("C:/Users/GenTsuki/AppData/Local/Programs/MiKTeX 2.9/tex/generic/pgf/math/pgfm
athfunctions.misc.code.tex")
("C:/Users/GenTsuki/AppData/Local/Programs/MiKTeX 2.9/tex/generic/pgf/math/pgfm
athfunctions.integerarithmetics.code.tex")))
("C:/Users/GenTsuki/AppData/Local/Programs/MiKTeX 2.9/tex/generic/pgf/math/pgfm
athfloat.code.tex"
\c@pgfmathroundto@lastzeros=\count99
))
("C:/Users/GenTsuki/AppData/Local/Programs/MiKTeX 2.9/tex/generic/pgf/basiclaye
r/pgfcorepoints.code.tex"
File: pgfcorepoints.code.tex 2019/02/02 v3.1.1 (3.1.1)
\pgf@picminx=\dimen116
\pgf@picmaxx=\dimen117
\pgf@picminy=\dimen118
\pgf@picmaxy=\dimen119
\pgf@pathminx=\dimen120
\pgf@pathmaxx=\dimen121
\pgf@pathminy=\dimen122
\pgf@pathmaxy=\dimen123
\pgf@xx=\dimen124
\pgf@xy=\dimen125
\pgf@yx=\dimen126
\pgf@yy=\dimen127
\pgf@zx=\dimen128
\pgf@zy=\dimen129
)
("C:/Users/GenTsuki/AppData/Local/Programs/MiKTeX 2.9/tex/generic/pgf/basiclaye
r/pgfcorepathconstruct.code.tex"
File: pgfcorepathconstruct.code.tex 2019/02/02 v3.1.1 (3.1.1)
\pgf@path@lastx=\dimen130
\pgf@path@lasty=\dimen131
)
("C:/Users/GenTsuki/AppData/Local/Programs/MiKTeX 2.9/tex/generic/pgf/basiclaye
r/pgfcorepathusage.code.tex"
File: pgfcorepathusage.code.tex 2019/02/02 v3.1.1 (3.1.1)
\pgf@shorten@end@additional=\dimen132
\pgf@shorten@start@additional=\dimen133
)
("C:/Users/GenTsuki/AppData/Local/Programs/MiKTeX 2.9/tex/generic/pgf/basiclaye
r/pgfcorescopes.code.tex"
File: pgfcorescopes.code.tex 2019/02/02 v3.1.1 (3.1.1)
\pgfpic=\box29
\pgf@hbox=\box30
\pgf@layerbox@main=\box31
\pgf@picture@serial@count=\count100
)
("C:/Users/GenTsuki/AppData/Local/Programs/MiKTeX 2.9/tex/generic/pgf/basiclaye
r/pgfcoregraphicstate.code.tex"
File: pgfcoregraphicstate.code.tex 2019/02/02 v3.1.1 (3.1.1)
\pgflinewidth=\dimen134
)
("C:/Users/GenTsuki/AppData/Local/Programs/MiKTeX 2.9/tex/generic/pgf/basiclaye
r/pgfcoretransformations.code.tex"
File: pgfcoretransformations.code.tex 2019/02/02 v3.1.1 (3.1.1)
\pgf@pt@x=\dimen135
\pgf@pt@y=\dimen136
\pgf@pt@temp=\dimen137
)
("C:/Users/GenTsuki/AppData/Local/Programs/MiKTeX 2.9/tex/generic/pgf/basiclaye
r/pgfcorequick.code.tex"
File: pgfcorequick.code.tex 2019/02/02 v3.1.1 (3.1.1)
)
("C:/Users/GenTsuki/AppData/Local/Programs/MiKTeX 2.9/tex/generic/pgf/basiclaye
r/pgfcoreobjects.code.tex"
File: pgfcoreobjects.code.tex 2019/02/02 v3.1.1 (3.1.1)
)
("C:/Users/GenTsuki/AppData/Local/Programs/MiKTeX 2.9/tex/generic/pgf/basiclaye
r/pgfcorepathprocessing.code.tex"
File: pgfcorepathprocessing.code.tex 2019/02/02 v3.1.1 (3.1.1)
)
("C:/Users/GenTsuki/AppData/Local/Programs/MiKTeX 2.9/tex/generic/pgf/basiclaye
r/pgfcorearrows.code.tex"
File: pgfcorearrows.code.tex 2019/02/02 v3.1.1 (3.1.1)
\pgfarrowsep=\dimen138
)
("C:/Users/GenTsuki/AppData/Local/Programs/MiKTeX 2.9/tex/generic/pgf/basiclaye
r/pgfcoreshade.code.tex"
File: pgfcoreshade.code.tex 2019/02/02 v3.1.1 (3.1.1)
\pgf@max=\dimen139
\pgf@sys@shading@range@num=\count101
)
("C:/Users/GenTsuki/AppData/Local/Programs/MiKTeX 2.9/tex/generic/pgf/basiclaye
r/pgfcoreimage.code.tex"
File: pgfcoreimage.code.tex 2019/02/02 v3.1.1 (3.1.1)

("C:/Users/GenTsuki/AppData/Local/Programs/MiKTeX 2.9/tex/generic/pgf/basiclaye
r/pgfcoreexternal.code.tex"
File: pgfcoreexternal.code.tex 2019/02/02 v3.1.1 (3.1.1)
\pgfexternal@startupbox=\box32
))
("C:/Users/GenTsuki/AppData/Local/Programs/MiKTeX 2.9/tex/generic/pgf/basiclaye
r/pgfcorelayers.code.tex"
File: pgfcorelayers.code.tex 2019/02/02 v3.1.1 (3.1.1)
)
("C:/Users/GenTsuki/AppData/Local/Programs/MiKTeX 2.9/tex/generic/pgf/basiclaye
r/pgfcoretransparency.code.tex"
File: pgfcoretransparency.code.tex 2019/02/02 v3.1.1 (3.1.1)
)
("C:/Users/GenTsuki/AppData/Local/Programs/MiKTeX 2.9/tex/generic/pgf/basiclaye
r/pgfcorepatterns.code.tex"
File: pgfcorepatterns.code.tex 2019/02/02 v3.1.1 (3.1.1)
)
("C:/Users/GenTsuki/AppData/Local/Programs/MiKTeX 2.9/tex/generic/pgf/basiclaye
r/pgfcorerdf.code.tex"
File: pgfcorerdf.code.tex 2019/02/02 v3.1.1 (3.1.1)
)))
("C:/Users/GenTsuki/AppData/Local/Programs/MiKTeX 2.9/tex/generic/pgf/modules/p
gfmoduleshapes.code.tex"
File: pgfmoduleshapes.code.tex 2019/02/02 v3.1.1 (3.1.1)
\pgfnodeparttextbox=\box33
)
("C:/Users/GenTsuki/AppData/Local/Programs/MiKTeX 2.9/tex/generic/pgf/modules/p
gfmoduleplot.code.tex"
File: pgfmoduleplot.code.tex 2019/02/02 v3.1.1 (3.1.1)
)
("C:/Users/GenTsuki/AppData/Local/Programs/MiKTeX 2.9/tex/latex/pgf/compatibili
ty/pgfcomp-version-0-65.sty"
Package: pgfcomp-version-0-65 2019/02/02 v3.1.1 (3.1.1)
\pgf@nodesepstart=\dimen140
\pgf@nodesepend=\dimen141
)
("C:/Users/GenTsuki/AppData/Local/Programs/MiKTeX 2.9/tex/latex/pgf/compatibili
ty/pgfcomp-version-1-18.sty"
Package: pgfcomp-version-1-18 2019/02/02 v3.1.1 (3.1.1)
))
("C:/Users/GenTsuki/AppData/Local/Programs/MiKTeX 2.9/tex/latex/pgf/utilities/p
gffor.sty"
("C:/Users/GenTsuki/AppData/Local/Programs/MiKTeX 2.9/tex/latex/pgf/utilities/p
gfkeys.sty"
("C:/Users/GenTsuki/AppData/Local/Programs/MiKTeX 2.9/tex/generic/pgf/utilities
/pgfkeys.code.tex"))
("C:/Users/GenTsuki/AppData/Local/Programs/MiKTeX 2.9/tex/latex/pgf/math/pgfmat
h.sty"
("C:/Users/GenTsuki/AppData/Local/Programs/MiKTeX 2.9/tex/generic/pgf/math/pgfm
ath.code.tex"))
("C:/Users/GenTsuki/AppData/Local/Programs/MiKTeX 2.9/tex/generic/pgf/utilities
/pgffor.code.tex"
Package: pgffor 2019/02/02 v3.1.1 (3.1.1)

("C:/Users/GenTsuki/AppData/Local/Programs/MiKTeX 2.9/tex/generic/pgf/math/pgfm
ath.code.tex")
\pgffor@iter=\dimen142
\pgffor@skip=\dimen143
\pgffor@stack=\toks27
\pgffor@toks=\toks28
))
("C:/Users/GenTsuki/AppData/Local/Programs/MiKTeX 2.9/tex/generic/pgf/frontendl
ayer/tikz/tikz.code.tex"
Package: tikz 2019/02/02 v3.1.1 (3.1.1)

("C:/Users/GenTsuki/AppData/Local/Programs/MiKTeX 2.9/tex/generic/pgf/libraries
/pgflibraryplothandlers.code.tex"
File: pgflibraryplothandlers.code.tex 2019/02/02 v3.1.1 (3.1.1)
\pgf@plot@mark@count=\count102
\pgfplotmarksize=\dimen144
)
\tikz@lastx=\dimen145
\tikz@lasty=\dimen146
\tikz@lastxsaved=\dimen147
\tikz@lastysaved=\dimen148
\tikzleveldistance=\dimen149
\tikzsiblingdistance=\dimen150
\tikz@figbox=\box34
\tikz@figbox@bg=\box35
\tikz@tempbox=\box36
\tikz@tempbox@bg=\box37
\tikztreelevel=\count103
\tikznumberofchildren=\count104
\tikznumberofcurrentchild=\count105
\tikz@fig@count=\count106

("C:/Users/GenTsuki/AppData/Local/Programs/MiKTeX 2.9/tex/generic/pgf/modules/p
gfmodulematrix.code.tex"
File: pgfmodulematrix.code.tex 2019/02/02 v3.1.1 (3.1.1)
\pgfmatrixcurrentrow=\count107
\pgfmatrixcurrentcolumn=\count108
\pgf@matrix@numberofcolumns=\count109
)
\tikz@expandcount=\count110

("C:/Users/GenTsuki/AppData/Local/Programs/MiKTeX 2.9/tex/generic/pgf/frontendl
ayer/tikz/libraries/tikzlibrarytopaths.code.tex"
File: tikzlibrarytopaths.code.tex 2019/02/02 v3.1.1 (3.1.1)
)))
\sa@box=\box38
)
No file tikzpicture.aux.

\openout1 = tikzpicture.aux
LaTeX Font Info:    Checking defaults for OML/cmm/m/it on input line 3.
LaTeX Font Info:    ... okay on input line 3.
LaTeX Font Info:    Checking defaults for T1/cmr/m/n on input line 3.
LaTeX Font Info:    ... okay on input line 3.
LaTeX Font Info:    Checking defaults for OT1/cmr/m/n on input line 3.
LaTeX Font Info:    ... okay on input line 3.
LaTeX Font Info:    Checking defaults for OMS/cmsy/m/n on input line 3.
LaTeX Font Info:    ... okay on input line 3.
LaTeX Font Info:    Checking defaults for TU/lmr/m/n on input line 3.
LaTeX Font Info:    ... okay on input line 3.
LaTeX Font Info:    Checking defaults for OMX/cmex/m/n on input line 3.
LaTeX Font Info:    ... okay on input line 3.
LaTeX Font Info:    Checking defaults for U/cmr/m/n on input line 3.
LaTeX Font Info:    ... okay on input line 3.
ABD: EveryShipout initializing macros
("C:/Users/GenTsuki/AppData/Local/Programs/MiKTeX 2.9/tex/context/base/mkii/sup
p-pdf.mkii"
[Loading MPS to PDF converter (version 2006.09.02).]
\scratchcounter=\count111
\scratchdimen=\dimen151
\scratchbox=\box39
\nofMPsegments=\count112
\nofMParguments=\count113
\everyMPshowfont=\toks29
\MPscratchCnt=\count114
\MPscratchDim=\dimen152
\MPnumerator=\count115
\makeMPintoPDFobject=\count116
\everyMPtoPDFconversion=\toks30
)
("C:/Users/GenTsuki/AppData/Local/Programs/MiKTeX 2.9/tex/latex/oberdiek/epstop
df-base.sty"
Package: epstopdf-base 2016/05/15 v2.6 Base part for package epstopdf

("C:/Users/GenTsuki/AppData/Local/Programs/MiKTeX 2.9/tex/latex/oberdiek/grfext
.sty"
Package: grfext 2016/05/16 v1.2 Manage graphics extensions (HO)

("C:/Users/GenTsuki/AppData/Local/Programs/MiKTeX 2.9/tex/generic/oberdiek/kvde
finekeys.sty"
Package: kvdefinekeys 2016/05/16 v1.4 Define keys (HO)
))
("C:/Users/GenTsuki/AppData/Local/Programs/MiKTeX 2.9/tex/latex/oberdiek/kvopti
ons.sty"
Package: kvoptions 2016/05/16 v3.12 Key value format for package options (HO)

("C:/Users/GenTsuki/AppData/Local/Programs/MiKTeX 2.9/tex/generic/oberdiek/kvse
tkeys.sty"
Package: kvsetkeys 2016/05/16 v1.17 Key value parser (HO)

("C:/Users/GenTsuki/AppData/Local/Programs/MiKTeX 2.9/tex/generic/oberdiek/etex
cmds.sty"
Package: etexcmds 2016/05/16 v1.6 Avoid name clashes with e-TeX commands (HO)
)))
Package epstopdf-base Info: Redefining graphics rule for `.eps' on input line 43
8.
Package grfext Info: Graphics extension search list:
(grfext)             [.pdf,.png,.jpg,.mps,.jpeg,.jbig2,.jb2,.PDF,.PNG,.JPG,.JPEG
,.JBIG2,.JB2,.eps]
(grfext)             \AppendGraphicsExtensions on input line 456.
)
LaTeX Font Info:    External font `cmex10' loaded for size
(Font)              <7> on input line 17.
LaTeX Font Info:    External font `cmex10' loaded for size
(Font)              <5> on input line 17.
 [1

{C:/Users/GenTsuki/AppData/Local/MiKTeX/2.9/pdftex/config/pdftex.map}] (D:/Gith
ub/EECS491/Assignments/A3/jl331Atmp/tikzpicture.aux))

Here is how much of LuaTeX's memory you used:
 12453 strings out of 494300
 100000,319454 words of node,token memory allocated
 382 words of node memory still in use:
   2 hlist, 1 vlist, 1 rule, 2 glue, 3 kern, 1 glyph, 4 attribute, 45 glue_spec,
 4 attribute_list, 1 write nodes
   avail lists: 1:2,2:523,3:302,4:13,5:22,6:1,7:261,8:2,9:130
 16184 multiletter control sequences out of 65536+200000
 25 fonts using 1345351 bytes
 62i,7n,68p,405b,769s stack positions out of 5000i,500n,10000p,200000b,50000s
<c:/users/gentsuki/appdata/local/programs/miktex 2.9/fonts/opentype/public/lm/lm
roman10-regular.otf><C:/Users/GenTsuki/AppData/Local/Programs/MiKTeX 2.9/fonts/t
ype1/public/amsfonts/cm/cmmi10.pfb><C:/Users/GenTsuki/AppData/Local/Programs/MiK
TeX 2.9/fonts/type1/public/amsfonts/cm/cmr7.pfb>
Output written on tikzpicture.pdf (1 page, 19685 bytes).

PDF statistics: 24 PDF objects out of 1000 (max. 8388607)
 0 named destinations out of 1000 (max. 131072)
 16 words of extra memory for PDF output out of 10000 (max. 100000000)

